<?xml version="1.0" encoding="UTF-8"?>
<testng-results ignored="0" total="2" passed="2" failed="0" skipped="0">
  <reporter-output>
    <line>
      <![CDATA[27 is the threadid]]>
    </line>
    <line>
      <![CDATA[method1]]>
    </line>
    <line>
      <![CDATA[28 is the threadid]]>
    </line>
    <line>
      <![CDATA[method2]]>
    </line>
  </reporter-output>
  <suite started-at="2023-04-29T08:07:18 IST" name="Suite" finished-at="2023-04-29T08:07:18 IST" duration-ms="88">
    <groups>
    </groups>
    <test started-at="2023-04-29T08:07:18 IST" name="Test" finished-at="2023-04-29T08:07:18 IST" duration-ms="88">
      <class name="testngExecution.MethodsExe">
        <test-method signature="method1()[pri:0, instance:testngExecution.MethodsExe@3eb7fc54]" started-at="2023-04-29T08:07:18 IST" name="method1" finished-at="2023-04-29T08:07:18 IST" duration-ms="17" status="PASS">
          <reporter-output>
            <line>
              <![CDATA[27 is the threadid]]>
            </line>
            <line>
              <![CDATA[method1]]>
            </line>
          </reporter-output>
        </test-method> <!-- method1 -->
        <test-method signature="method2()[pri:0, instance:testngExecution.MethodsExe@3eb7fc54]" started-at="2023-04-29T08:07:18 IST" name="method2" finished-at="2023-04-29T08:07:18 IST" duration-ms="16" status="PASS">
          <reporter-output>
            <line>
              <![CDATA[28 is the threadid]]>
            </line>
            <line>
              <![CDATA[method2]]>
            </line>
          </reporter-output>
        </test-method> <!-- method2 -->
      </class> <!-- testngExecution.MethodsExe -->
    </test> <!-- Test -->
  </suite> <!-- Suite -->
</testng-results>
