<?xml version="1.0" encoding="UTF-8"?>
<!-- Generated by org.testng.reporters.JUnitXMLReporter -->
<testsuite ignored="12" hostname="DESKTOP-AMT822B" failures="0" tests="6" name="Test" time="0.137" errors="0" timestamp="2023-03-30T19:24:54 IST">
  <testcase classname="testngFlag.GroupExecution" name="stc1" time="0.016"/>
  <testcase classname="testngFlag.GroupExecution" name="stc2" time="0.003"/>
  <testcase classname="testngFlag.GroupExecution" name="stc3" time="0.005"/>
  <testcase classname="testngFlag.GroupExecution" name="stc4" time="0.01"/>
  <testcase classname="testngFlag.GroupExecution" name="stc5" time="0.006"/>
  <testcase classname="testngFlag.GroupExecution" name="stc6" time="0.004"/>
  <testcase classname="testngFlag.GroupExecution" name="itc2" time="0.0">
    <ignored/>
  </testcase> <!-- itc2 -->
  <testcase classname="testngFlag.GroupExecution" name="itc1" time="0.0">
    <ignored/>
  </testcase> <!-- itc1 -->
  <testcase classname="testngFlag.GroupExecution" name="itc4" time="0.0">
    <ignored/>
  </testcase> <!-- itc4 -->
  <testcase classname="testngFlag.GroupExecution" name="itc3" time="0.0">
    <ignored/>
  </testcase> <!-- itc3 -->
  <testcase classname="testngFlag.GroupExecution" name="ftc1" time="0.0">
    <ignored/>
  </testcase> <!-- ftc1 -->
  <testcase classname="testngFlag.GroupExecution" name="ftc2" time="0.0">
    <ignored/>
  </testcase> <!-- ftc2 -->
  <testcase classname="testngFlag.GroupExecution" name="itc6" time="0.0">
    <ignored/>
  </testcase> <!-- itc6 -->
  <testcase classname="testngFlag.GroupExecution" name="itc5" time="0.0">
    <ignored/>
  </testcase> <!-- itc5 -->
  <testcase classname="testngFlag.GroupExecution" name="ftc3" time="0.0">
    <ignored/>
  </testcase> <!-- ftc3 -->
  <testcase classname="testngFlag.GroupExecution" name="ftc4" time="0.0">
    <ignored/>
  </testcase> <!-- ftc4 -->
  <testcase classname="testngFlag.GroupExecution" name="ftc5" time="0.0">
    <ignored/>
  </testcase> <!-- ftc5 -->
  <testcase classname="testngFlag.GroupExecution" name="ftc6" time="0.0">
    <ignored/>
  </testcase> <!-- ftc6 -->
</testsuite> <!-- Test -->
